<?xml version="1.0" encoding="UTF-8"?>
<coverage generated="1785953609150" clover="3.2.0">
  <project timestamp="1785953609150" name="All files">
    <metrics statements="4" coveredstatements="4" conditionals="6" coveredconditionals="6" methods="2" coveredmethods="2" elements="12" coveredelements="12" complexity="0" loc="4" ncloc="4" packages="1" files="1" classes="1"/>
    <file name="filterExercises.ts" path="/Users/tanyatikhomyrova/Documents/Projects/workout-generator/app/utils/filterExercises.ts">
      <metrics statements="4" coveredstatements="4" conditionals="6" coveredconditionals="6" methods="2" coveredmethods="2"/>
      <line num="4" count="4" type="stmt"/>
      <line num="5" count="6" type="cond" truecount="2" falsecount="0"/>
      <line num="6" count="4" type="cond" truecount="4" falsecount="0"/>
      <line num="7" count="3" type="stmt"/>
    </file>
  </project>
</coverage>
