{"/Users/tanyatikhomyrova/Documents/Projects/workout-generator/app/utils/filterExercises.ts": {"path":"/Users/tanyatikhomyrova/Documents/Projects/workout-generator/app/utils/filterExercises.ts","statementMap":{"0":{"start":{"line":4,"column":4},"end":{"line":8,"column":null}},"1":{"start":{"line":5,"column":6},"end":{"line":5,"column":null}},"2":{"start":{"line":5,"column":34},"end":{"line":5,"column":null}},"3":{"start":{"line":6,"column":6},"end":{"line":6,"column":null}},"4":{"start":{"line":6,"column":89},"end":{"line":6,"column":null}},"5":{"start":{"line":7,"column":6},"end":{"line":7,"column":null}}},"fnMap":{"0":{"name":"filterExercises","decl":{"start":{"line":3,"column":16},"end":{"line":3,"column":32}},"loc":{"start":{"line":3,"column":90},"end":{"line":9,"column":null}},"line":3},"1":{"name":"(anonymous_1)","decl":{"start":{"line":4,"column":21},"end":{"line":4,"column":28}},"loc":{"start":{"line":4,"column":34},"end":{"line":8,"column":5}},"line":4}},"branchMap":{"0":{"loc":{"start":{"line":5,"column":6},"end":{"line":5,"column":null}},"type":"if","locations":[{"start":{"line":5,"column":6},"end":{"line":5,"column":null}},{"start":{},"end":{}}],"line":5},"1":{"loc":{"start":{"line":6,"column":6},"end":{"line":6,"column":null}},"type":"if","locations":[{"start":{"line":6,"column":6},"end":{"line":6,"column":null}},{"start":{},"end":{}}],"line":6},"2":{"loc":{"start":{"line":6,"column":10},"end":{"line":6,"column":89}},"type":"binary-expr","locations":[{"start":{"line":6,"column":10},"end":{"line":6,"column":43}},{"start":{"line":6,"column":43},"end":{"line":6,"column":89}}],"line":6}},"s":{"0":4,"1":6,"2":2,"3":4,"4":1,"5":3},"f":{"0":4,"1":6},"b":{"0":[2,4],"1":[1,3],"2":[4,2]},"meta":{"lastBranch":3,"lastFunction":2,"lastStatement":6,"seen":{"f:3:16:3:32":0,"s:4:4:8:Infinity":0,"f:4:21:4:28":1,"b:5:6:5:Infinity:undefined:undefined:undefined:undefined":0,"s:5:6:5:Infinity":1,"s:5:34:5:Infinity":2,"b:6:6:6:Infinity:undefined:undefined:undefined:undefined":1,"s:6:6:6:Infinity":3,"b:6:10:6:43:6:43:6:89":2,"s:6:89:6:Infinity":4,"s:7:6:7:Infinity":5},"fnNames":{}}}
}
